17:07:46 INFO  : Registering command handlers for SDK TCF services
17:07:47 INFO  : Launching XSCT server: xsct.bat -interactive C:\Users\gstoddard\Desktop\MNS_XC_Pulser_Test\temp_xsdb_launch_script.tcl
17:07:51 INFO  : XSCT server has started successfully.
17:07:52 INFO  : Successfully done setting XSCT server connection channel  
17:07:52 INFO  : Successfully done setting SDK workspace  
17:12:20 INFO  : Refreshed build settings on project MNS_XC_Pulser_Test
17:45:17 INFO  : Refreshed build settings on project MNS_XC_Pulser_Test_FSBL
19:16:44 INFO  : Registering command handlers for SDK TCF services
19:16:44 INFO  : Launching XSCT server: xsct.bat -interactive C:\Users\gstoddard\Desktop\MNS_XC_Pulser_Test\temp_xsdb_launch_script.tcl
19:16:47 INFO  : XSCT server has started successfully.
19:16:49 INFO  : Successfully done setting XSCT server connection channel  
19:16:49 INFO  : Successfully done setting SDK workspace  
19:23:59 INFO  : Invoking Bootgen: bootgen -image MNS_XC_Pulser_Test_FSBL.bif -arch zynq -o C:\Users\gstoddard\Desktop\MNS_XC_Pulser_Test\MNS_XC_Pulser_Test_FSBL\bootimage\BOOT_XC_pulser_test.mcs
19:23:59 INFO  : Creating new bif file C:\Users\gstoddard\Desktop\MNS_XC_Pulser_Test\MNS_XC_Pulser_Test_FSBL\bootimage\MNS_XC_Pulser_Test_FSBL.bif
19:24:02 INFO  : Bootgen command execution is done.
19:38:12 INFO  : Registering command handlers for SDK TCF services
19:38:13 INFO  : Launching XSCT server: xsct.bat -interactive C:\Users\gstoddard\Desktop\MNS_XC_Pulser_Test\temp_xsdb_launch_script.tcl
19:38:15 INFO  : XSCT server has started successfully.
19:38:17 INFO  : Successfully done setting XSCT server connection channel  
19:38:17 INFO  : Successfully done setting SDK workspace  
19:38:21 INFO  : Inferring section assignments and sizes from elf file: C:\Users\gstoddard\Desktop\MNS_XC_Pulser_Test\MNS_XC_Pulser_Test\Release\MNS_XC_Pulser_Test.elf
19:39:54 INFO  : Successfully generated C:\Users\gstoddard\Desktop\MNS_XC_Pulser_Test\MNS_XC_Pulser_Test\src\lscript.ld.
19:39:54 INFO  : Applying linker script to all configurations of project MNS_XC_Pulser_Test.
19:39:54 INFO  : Setting rebuild state to true for all configurations of project MNS_XC_Pulser_Test.
19:41:31 WARN  : Given IPC port value is invalid. Using default port 2350
19:41:31 WARN  : Given XMD timeout value is invalid. Using default value of 50000
19:41:33 WARN  : Given XMD transaction timeout value is invalid. Using default value of 60000 milli seconds
19:41:33 WARN  : Given XMD transaction timeout value is invalid. Using default value of 60000 milli seconds
19:41:36 WARN  : Given XMD transaction timeout value is invalid. Using default value of 60000 milli seconds
19:41:41 WARN  : Given XMD transaction timeout value is invalid. Using default value of 60000 milli seconds
19:41:41 WARN  : Given XMD transaction timeout value is invalid. Using default value of 60000 milli seconds
19:41:41 WARN  : Given XMD transaction timeout value is invalid. Using default value of 60000 milli seconds
19:41:42 WARN  : Given XMD transaction timeout value is invalid. Using default value of 60000 milli seconds
19:41:42 WARN  : Given XMD transaction timeout value is invalid. Using default value of 60000 milli seconds
19:41:42 WARN  : Given XMD transaction timeout value is invalid. Using default value of 60000 milli seconds
19:41:42 INFO  : ps7_init is completed.
19:41:42 WARN  : Given XMD transaction timeout value is invalid. Using default value of 60000 milli seconds
19:41:42 INFO  : ps7_post_config is completed.
19:41:42 WARN  : Given XMD transaction timeout value is invalid. Using default value of 60000 milli seconds
19:41:42 WARN  : Given XMD transaction timeout value is invalid. Using default value of 60000 milli seconds
19:41:42 INFO  : Processor reset is completed for ps7_cortexa9_0
19:41:42 WARN  : Given XMD transaction timeout value is invalid. Using default value of 60000 milli seconds
19:41:46 WARN  : Given XMD transaction timeout value is invalid. Using default value of 60000 milli seconds
19:41:48 WARN  : Given XMD transaction timeout value is invalid. Using default value of 60000 milli seconds
19:41:48 WARN  : Given XMD transaction timeout value is invalid. Using default value of 60000 milli seconds
19:41:49 WARN  : Given XMD transaction timeout value is invalid. Using default value of 60000 milli seconds
19:41:49 WARN  : Given XMD transaction timeout value is invalid. Using default value of 60000 milli seconds
19:41:49 WARN  : Given XMD transaction timeout value is invalid. Using default value of 60000 milli seconds
19:41:56 INFO  : Connected to target on host '127.0.0.1' and port '3121'.
19:41:56 INFO  : 'targets -set -filter {jtag_cable_name =~ "Digilent JTAG-HS3 210299A06C82" && level==0} -index 1' command is executed.
19:41:59 INFO  : FPGA configured successfully with bitstream "C:/Users/gstoddard/Desktop/MNS_XC_Pulser_Test/design_1_wrapper_hw_platform_0/design_1_wrapper.bit"
19:42:22 WARN  : Given XMD transaction timeout value is invalid. Using default value of 60000 milli seconds
19:42:22 WARN  : Given XMD transaction timeout value is invalid. Using default value of 60000 milli seconds
19:42:22 WARN  : Given XMD transaction timeout value is invalid. Using default value of 60000 milli seconds
19:42:22 WARN  : Given XMD transaction timeout value is invalid. Using default value of 60000 milli seconds
19:42:22 WARN  : Given XMD transaction timeout value is invalid. Using default value of 60000 milli seconds
19:42:22 WARN  : Given XMD transaction timeout value is invalid. Using default value of 60000 milli seconds
19:42:22 WARN  : Given XMD transaction timeout value is invalid. Using default value of 60000 milli seconds
19:42:23 INFO  : Processor reset is completed for ps7_cortexa9_0
19:42:23 WARN  : Given XMD transaction timeout value is invalid. Using default value of 60000 milli seconds
19:42:25 WARN  : Given XMD transaction timeout value is invalid. Using default value of 60000 milli seconds
19:44:04 INFO  : FPGA Cable Disconnected. All active launches will be terminated.
19:44:04 WARN  : Terminating existing sessions on processor ps7_cortexa9_0
19:44:15 WARN  : Given XMD transaction timeout value is invalid. Using default value of 60000 milli seconds
19:44:15 WARN  : Given XMD transaction timeout value is invalid. Using default value of 60000 milli seconds
19:44:15 WARN  : Given XMD transaction timeout value is invalid. Using default value of 60000 milli seconds
19:44:15 WARN  : Given XMD transaction timeout value is invalid. Using default value of 60000 milli seconds
19:44:15 WARN  : Given XMD transaction timeout value is invalid. Using default value of 60000 milli seconds
19:44:15 WARN  : Given XMD transaction timeout value is invalid. Using default value of 60000 milli seconds
19:45:38 INFO  : Connected to target on host '127.0.0.1' and port '3121'.
19:46:06 INFO  : Connected to target on host '127.0.0.1' and port '3121'.
19:46:08 INFO  : 'targets -set -filter {jtag_cable_name =~ "Digilent JTAG-HS3 210299A06C82" && level==0} -index 1' command is executed.
19:46:11 INFO  : FPGA configured successfully with bitstream "C:/Users/gstoddard/Desktop/MNS_XC_Pulser_Test/design_1_wrapper_hw_platform_0/design_1_wrapper.bit"
19:46:52 WARN  : Given XMD transaction timeout value is invalid. Using default value of 60000 milli seconds
19:46:54 WARN  : Given XMD transaction timeout value is invalid. Using default value of 60000 milli seconds
19:46:55 WARN  : Given XMD transaction timeout value is invalid. Using default value of 60000 milli seconds
19:46:55 WARN  : Given XMD transaction timeout value is invalid. Using default value of 60000 milli seconds
19:46:55 WARN  : Given XMD transaction timeout value is invalid. Using default value of 60000 milli seconds
19:46:55 WARN  : Given XMD transaction timeout value is invalid. Using default value of 60000 milli seconds
19:46:55 WARN  : Given XMD transaction timeout value is invalid. Using default value of 60000 milli seconds
19:46:55 WARN  : Given XMD transaction timeout value is invalid. Using default value of 60000 milli seconds
19:46:55 INFO  : ps7_init is completed.
19:46:55 WARN  : Given XMD transaction timeout value is invalid. Using default value of 60000 milli seconds
19:46:56 INFO  : ps7_post_config is completed.
19:46:56 WARN  : Given XMD transaction timeout value is invalid. Using default value of 60000 milli seconds
19:46:56 WARN  : Given XMD transaction timeout value is invalid. Using default value of 60000 milli seconds
19:46:56 INFO  : Processor reset is completed for ps7_cortexa9_0
19:46:56 WARN  : Given XMD transaction timeout value is invalid. Using default value of 60000 milli seconds
19:46:58 WARN  : Given XMD transaction timeout value is invalid. Using default value of 60000 milli seconds
19:51:51 WARN  : Given XMD transaction timeout value is invalid. Using default value of 60000 milli seconds
19:51:51 WARN  : Given XMD transaction timeout value is invalid. Using default value of 60000 milli seconds
19:51:51 WARN  : Given XMD transaction timeout value is invalid. Using default value of 60000 milli seconds
19:51:51 WARN  : Given XMD transaction timeout value is invalid. Using default value of 60000 milli seconds
19:51:51 WARN  : Given XMD transaction timeout value is invalid. Using default value of 60000 milli seconds
19:52:43 INFO  : Connected to target on host '127.0.0.1' and port '3121'.
19:52:43 INFO  : 'targets -set -filter {jtag_cable_name =~ "Digilent JTAG-HS3 210299A06C82" && level==0} -index 1' command is executed.
19:52:45 INFO  : FPGA configured successfully with bitstream "C:/Users/gstoddard/Desktop/MNS_XC_Pulser_Test/design_1_wrapper_hw_platform_0/design_1_wrapper.bit"
19:53:09 WARN  : Given XMD transaction timeout value is invalid. Using default value of 60000 milli seconds
19:53:09 WARN  : Given XMD transaction timeout value is invalid. Using default value of 60000 milli seconds
19:53:09 WARN  : Given XMD transaction timeout value is invalid. Using default value of 60000 milli seconds
19:53:09 WARN  : Given XMD transaction timeout value is invalid. Using default value of 60000 milli seconds
19:53:09 WARN  : Given XMD transaction timeout value is invalid. Using default value of 60000 milli seconds
19:53:09 WARN  : Given XMD transaction timeout value is invalid. Using default value of 60000 milli seconds
19:53:09 WARN  : Given XMD transaction timeout value is invalid. Using default value of 60000 milli seconds
19:53:10 INFO  : ps7_init is completed.
19:53:10 WARN  : Given XMD transaction timeout value is invalid. Using default value of 60000 milli seconds
19:53:10 INFO  : ps7_post_config is completed.
19:53:10 WARN  : Given XMD transaction timeout value is invalid. Using default value of 60000 milli seconds
19:53:10 WARN  : Given XMD transaction timeout value is invalid. Using default value of 60000 milli seconds
19:53:10 INFO  : Processor reset is completed for ps7_cortexa9_0
19:53:10 WARN  : Given XMD transaction timeout value is invalid. Using default value of 60000 milli seconds
19:53:12 WARN  : Given XMD transaction timeout value is invalid. Using default value of 60000 milli seconds
19:54:46 WARN  : Given XMD transaction timeout value is invalid. Using default value of 60000 milli seconds
19:54:46 WARN  : Given XMD transaction timeout value is invalid. Using default value of 60000 milli seconds
19:54:46 WARN  : Given XMD transaction timeout value is invalid. Using default value of 60000 milli seconds
19:54:46 WARN  : Given XMD transaction timeout value is invalid. Using default value of 60000 milli seconds
19:54:46 WARN  : Given XMD transaction timeout value is invalid. Using default value of 60000 milli seconds
22:46:04 ERROR : Unexpected error while parsing XMD response ?: com.google.gson.JsonSyntaxException: com.google.gson.stream.MalformedJsonException: invalid number or unquoted string near 
09:17:48 INFO  : Registering command handlers for SDK TCF services
09:17:49 INFO  : Launching XSCT server: xsct.bat -interactive C:\Users\gstoddard\Desktop\MNS_XC_Pulser_Test\temp_xsdb_launch_script.tcl
09:17:54 INFO  : XSCT server has started successfully.
09:17:54 INFO  : Successfully done setting XSCT server connection channel  
09:17:58 INFO  : Successfully done setting SDK workspace  
