19:36:35 **** Incremental Build of configuration Debug for project MNS_XC_Pulser_Test ****
make pre-build main-build 
a9-linaro-pre-build-step
 
make: Nothing to be done for `main-build'.
19:36:38 **** Incremental Build of configuration Debug for project MNS_XC_Pulser_Test_FSBL ****
make pre-build main-build 
a9-linaro-pre-build-step
 
make: Nothing to be done for `main-build'.
19:36:38 **** Incremental Build of configuration Debug for project MNS_XC_Pulser_Test ****
make pre-build main-build 
a9-linaro-pre-build-step
 
make: Nothing to be done for `main-build'.
19:44:58 **** Incremental Build of configuration Debug for project MNS_XC_Pulser_Test_FSBL ****
make pre-build main-build 
a9-linaro-pre-build-step
 
make: Nothing to be done for `main-build'.
19:44:59 **** Incremental Build of configuration Debug for project MNS_XC_Pulser_Test ****
make pre-build main-build 
a9-linaro-pre-build-step
 
make: Nothing to be done for `main-build'.
